#
# There is insufficient memory for the Java Runtime Environment to continue.
# Native memory allocation (malloc) failed to allocate 32744 bytes for ChunkPool::allocate
# Possible reasons:
#   The system is out of physical RAM or swap space
#   The process is running with CompressedOops enabled, and the Java Heap may be blocking the growth of the native heap
# Possible solutions:
#   Reduce memory load on the system
#   Increase physical memory or swap space
#   Check if swap backing store is full
#   Decrease Java heap size (-Xmx/-Xms)
#   Decrease number of Java threads
#   Decrease Java thread stack sizes (-Xss)
#   Set larger code cache with -XX:ReservedCodeCacheSize=
#   JVM is running with Unscaled Compressed Oops mode in which the Java heap is
#     placed in the first 4GB address space. The Java Heap base address is the
#     maximum limit for the native heap growth. Please use -XX:HeapBaseMinAddress
#     to set the Java Heap base and to place the Java Heap above 4GB virtual address.
# This output file may be truncated or incomplete.
#
#  Out of Memory Error (allocation.cpp:272), pid=3248, tid=0x00000000000028d0
#
# JRE version: Java(TM) SE Runtime Environment (8.0_281-b09) (build 1.8.0_281-b09)
# Java VM: Java HotSpot(TM) 64-Bit Server VM (25.281-b09 mixed mode windows-amd64 compressed oops)
# Failed to write core dump. Minidumps are not enabled by default on client versions of Windows
#

---------------  T H R E A D  ---------------

Current thread (0x000002b880ac8000):  JavaThread "C2 CompilerThread0" daemon [_thread_in_vm, id=10448, stack(0x000000f78bb00000,0x000000f78bc00000)]

Stack: [0x000000f78bb00000,0x000000f78bc00000]
Native frames: (J=compiled Java code, j=interpreted, Vv=VM code, C=native code)
V  [jvm.dll+0x32e5b9]


---------------  P R O C E S S  ---------------

Java Threads: ( => current thread )
  0x000002b880ad3800 JavaThread "C1 CompilerThread1" daemon [_thread_blocked, id=9980, stack(0x000000f78bc00000,0x000000f78bd00000)]
=>0x000002b880ac8000 JavaThread "C2 CompilerThread0" daemon [_thread_in_vm, id=10448, stack(0x000000f78bb00000,0x000000f78bc00000)]
  0x000002b880ac5800 JavaThread "Attach Listener" daemon [_thread_blocked, id=6568, stack(0x000000f78ba00000,0x000000f78bb00000)]
  0x000002b880ac4800 JavaThread "Signal Dispatcher" daemon [_thread_blocked, id=10608, stack(0x000000f78b900000,0x000000f78ba00000)]
  0x000002b8ffd94000 JavaThread "Finalizer" daemon [_thread_blocked, id=6012, stack(0x000000f78b800000,0x000000f78b900000)]
  0x000002b880aa4000 JavaThread "Reference Handler" daemon [_thread_blocked, id=11172, stack(0x000000f78b700000,0x000000f78b800000)]
  0x000002b8ecb15800 JavaThread "main" [_thread_in_native, id=9440, stack(0x000000f78b300000,0x000000f78b400000)]

Other Threads:
  0x000002b880a81800 VMThread [stack: 0x000000f78b600000,0x000000f78b700000] [id=11160]

VM state:not at safepoint (normal execution)

VM Mutex/Monitor currently owned by a thread: None

heap address: 0x00000000c2400000, size: 988 MB, Compressed Oops mode: 32-bit
Narrow klass base: 0x0000000000000000, Narrow klass shift: 3
Compressed class space size: 1073741824 Address: 0x0000000100000000

Heap:
 PSYoungGen      total 18432K, used 635K [0x00000000eb700000, 0x00000000ecb80000, 0x0000000100000000)
  eden space 15872K, 4% used [0x00000000eb700000,0x00000000eb79ec50,0x00000000ec680000)
  from space 2560K, 0% used [0x00000000ec900000,0x00000000ec900000,0x00000000ecb80000)
  to   space 2560K, 0% used [0x00000000ec680000,0x00000000ec680000,0x00000000ec900000)
 ParOldGen       total 42496K, used 0K [0x00000000c2400000, 0x00000000c4d80000, 0x00000000eb700000)
  object space 42496K, 0% used [0x00000000c2400000,0x00000000c2400000,0x00000000c4d80000)
 Metaspace       used 2090K, capacity 4480K, committed 4480K, reserved 1056768K
  class space    used 228K, capacity 384K, committed 384K, reserved 1048576K

Card table byte_map: [0x000002b8fd870000,0x000002b8fda60000] byte_map_base: 0x000002b8fd25e000

Marking Bits: (ParMarkBitMap*) 0x0000000077f86ff0
 Begin Bits: [0x000002b8fdbb0000, 0x000002b8feb20000)
 End Bits:   [0x000002b8feb20000, 0x000002b8ffa90000)

Polling page: 0x000002b8ee480000

CodeCache: size=245760Kb used=1025Kb max_used=1025Kb free=244734Kb
 bounds [0x000002b8ee4b0000, 0x000002b8ee720000, 0x000002b8fd4b0000]
 total_blobs=197 nmethods=0 adapters=127
 compilation: enabled

Compilation events (0 events):
No events

GC Heap History (0 events):
No events

Deoptimization events (0 events):
No events

Classes redefined (0 events):
No events

Internal exceptions (2 events):
Event: 0.067 Thread 0x000002b8ecb15800 Exception <a 'java/lang/NoSuchMethodError': Method sun.misc.Unsafe.defineClass(Ljava/lang/String;[BII)Ljava/lang/Class; name or signature does not match> (0x00000000eb707cc0) thrown at [C:\jenkins\workspace\8-2-build-windows-amd64-cygwin\jdk8u281\880\hots
Event: 0.067 Thread 0x000002b8ecb15800 Exception <a 'java/lang/NoSuchMethodError': Method sun.misc.Unsafe.prefetchRead(Ljava/lang/Object;J)V name or signature does not match> (0x00000000eb707fa8) thrown at [C:\jenkins\workspace\8-2-build-windows-amd64-cygwin\jdk8u281\880\hotspot\src\share\vm\p

Events (10 events):
Event: 0.151 loading class sun/net/www/protocol/jar/Handler
Event: 0.151 loading class sun/net/www/protocol/jar/Handler done
Event: 0.152 loading class sun/misc/Launcher$AppClassLoader$1
Event: 0.152 loading class sun/misc/Launcher$AppClassLoader$1 done
Event: 0.154 loading class java/lang/SystemClassLoaderAction
Event: 0.154 loading class java/lang/SystemClassLoaderAction done
Event: 0.154 Thread 0x000002b880ac4800 Thread added: 0x000002b880ac4800
Event: 0.155 Thread 0x000002b880ac5800 Thread added: 0x000002b880ac5800
Event: 0.155 Thread 0x000002b880ac8000 Thread added: 0x000002b880ac8000
Event: 0.155 Thread 0x000002b880ad3800 Thread added: 0x000002b880ad3800


Dynamic libraries:
0x00007ff79fe90000 - 0x00007ff79fed7000 	C:\Program Files\Java\jdk1.8.0_281\bin\java.exe
0x00007ffd06040000 - 0x00007ffd06230000 	C:\WINDOWS\SYSTEM32\ntdll.dll
0x00007ffd04540000 - 0x00007ffd045f2000 	C:\WINDOWS\System32\KERNEL32.DLL
0x00007ffd03000000 - 0x00007ffd032a5000 	C:\WINDOWS\System32\KERNELBASE.dll
0x00007ffd046a0000 - 0x00007ffd04743000 	C:\WINDOWS\System32\ADVAPI32.dll
0x00007ffd043e0000 - 0x00007ffd0447e000 	C:\WINDOWS\System32\msvcrt.dll
0x00007ffd04600000 - 0x00007ffd04697000 	C:\WINDOWS\System32\sechost.dll
0x00007ffd05ba0000 - 0x00007ffd05cbf000 	C:\WINDOWS\System32\RPCRT4.dll
0x00007ffd04110000 - 0x00007ffd042a4000 	C:\WINDOWS\System32\USER32.dll
0x00007ffd02fd0000 - 0x00007ffd02ff1000 	C:\WINDOWS\System32\win32u.dll
0x00007ffd04ab0000 - 0x00007ffd04ad6000 	C:\WINDOWS\System32\GDI32.dll
0x00007ffd03da0000 - 0x00007ffd03f38000 	C:\WINDOWS\System32\gdi32full.dll
0x00007ffd03c70000 - 0x00007ffd03d0e000 	C:\WINDOWS\System32\msvcp_win.dll
0x00007ffd03f40000 - 0x00007ffd0403a000 	C:\WINDOWS\System32\ucrtbase.dll
0x00007ffd01870000 - 0x00007ffd01af4000 	C:\WINDOWS\WinSxS\amd64_microsoft.windows.common-controls_6595b64144ccf1df_6.0.18362.1556_none_9e7e372fe45e41d5\COMCTL32.dll
0x00007ffd05cc0000 - 0x00007ffd05ff6000 	C:\WINDOWS\System32\combase.dll
0x00007ffd03300000 - 0x00007ffd03381000 	C:\WINDOWS\System32\bcryptPrimitives.dll
0x00007ffd04af0000 - 0x00007ffd04b1e000 	C:\WINDOWS\System32\IMM32.DLL
0x00007ffcf1370000 - 0x00007ffcf1385000 	C:\Program Files\Java\jdk1.8.0_281\jre\bin\vcruntime140.dll
0x00007ffcb5430000 - 0x00007ffcb54cb000 	C:\Program Files\Java\jdk1.8.0_281\jre\bin\msvcp140.dll
0x00000000777a0000 - 0x0000000077fff000 	C:\Program Files\Java\jdk1.8.0_281\jre\bin\server\jvm.dll
0x00007ffd04480000 - 0x00007ffd04488000 	C:\WINDOWS\System32\PSAPI.DLL
0x00007ffceea90000 - 0x00007ffceea99000 	C:\WINDOWS\SYSTEM32\WSOCK32.dll
0x00007ffcff5f0000 - 0x00007ffcff614000 	C:\WINDOWS\SYSTEM32\WINMM.dll
0x00007ffd04750000 - 0x00007ffd047bf000 	C:\WINDOWS\System32\WS2_32.dll
0x00007ffcf1f30000 - 0x00007ffcf1f3a000 	C:\WINDOWS\SYSTEM32\VERSION.dll
0x00007ffcff5c0000 - 0x00007ffcff5ed000 	C:\WINDOWS\SYSTEM32\WINMMBASE.dll
0x00007ffd032b0000 - 0x00007ffd032fa000 	C:\WINDOWS\System32\cfgmgr32.dll
0x00007ffd02f50000 - 0x00007ffd02f61000 	C:\WINDOWS\System32\kernel.appcore.dll
0x00007ffcf1410000 - 0x00007ffcf1420000 	C:\Program Files\Java\jdk1.8.0_281\jre\bin\verify.dll
0x00007ffcf0dd0000 - 0x00007ffcf0dfb000 	C:\Program Files\Java\jdk1.8.0_281\jre\bin\java.dll
0x00007ffcf00a0000 - 0x00007ffcf00b8000 	C:\Program Files\Java\jdk1.8.0_281\jre\bin\zip.dll
0x00007ffd04b20000 - 0x00007ffd05207000 	C:\WINDOWS\System32\SHELL32.dll
0x00007ffd04490000 - 0x00007ffd04538000 	C:\WINDOWS\System32\shcore.dll
0x00007ffd034f0000 - 0x00007ffd03c6b000 	C:\WINDOWS\System32\windows.storage.dll
0x00007ffd02f90000 - 0x00007ffd02fae000 	C:\WINDOWS\System32\profapi.dll
0x00007ffd02f00000 - 0x00007ffd02f4a000 	C:\WINDOWS\System32\powrprof.dll
0x00007ffd02ef0000 - 0x00007ffd02f00000 	C:\WINDOWS\System32\UMPDC.dll
0x00007ffd05a70000 - 0x00007ffd05ac2000 	C:\WINDOWS\System32\shlwapi.dll
0x00007ffd02fb0000 - 0x00007ffd02fc7000 	C:\WINDOWS\System32\cryptsp.dll

VM Arguments:
jvm_args: -Dfile.encoding=UTF-8 
java_command: banco.Banco
java_class_path (initial): C:\Users\Eduarda Araújo\Documents\NetBeansProjects\Banco\build\classes
Launcher Type: SUN_STANDARD

Environment Variables:
PATH=C:\Program Files (x86)\Intel\TXE Components\iCLS\;C:\Program Files\Intel\TXE Components\iCLS\;C:\WINDOWS\system32;C:\WINDOWS;C:\WINDOWS\System32\Wbem;C:\WINDOWS\System32\WindowsPowerShell\v1.0\;C:\WINDOWS\System32\OpenSSH\;C:\Program Files\Intel\TXE Components\DAL\;C:\Program Files (x86)\Intel\TXE Components\DAL\;C:\Program Files\Intel\TXE Components\IPT\;C:\Program Files (x86)\Intel\TXE Components\IPT\;C:\Users\Eduarda Araújo\AppData\Local\Programs\Python\Python39\Scripts\;C:\Users\Eduarda Araújo\AppData\Local\Programs\Python\Python39\;C:\Users\Eduarda Araújo\AppData\Local\Microsoft\WindowsApps;;C:\Users\Eduarda Araújo\AppData\Local\Programs\Microsoft VS Code\bin
USERNAME=Eduarda Araújo
OS=Windows_NT
PROCESSOR_IDENTIFIER=Intel64 Family 6 Model 92 Stepping 9, GenuineIntel



---------------  S Y S T E M  ---------------

OS: Windows 10.0 , 64 bit Build 18362 (10.0.18362.1500)

CPU:total 2 (initial active 2) (2 cores per cpu, 1 threads per core) family 6 model 92 stepping 9, cmov, cx8, fxsr, mmx, sse, sse2, sse3, ssse3, sse4.1, sse4.2, popcnt, aes, clmul, erms, 3dnowpref, tsc, tscinvbit

Memory: 4k page, physical 4039788k(845784k free), swap 5522460k(5124k free)

vm_info: Java HotSpot(TM) 64-Bit Server VM (25.281-b09) for windows-amd64 JRE (1.8.0_281-b09), built on Dec  9 2020 13:54:07 by "" with MS VC++ 15.9 (VS2017)

time: Wed Jul 14 13:32:51 2021
timezone: Hora Padrão de Buenos Aires
elapsed time: 0.171139 seconds (0d 0h 0m 0s)

