#
# There is insufficient memory for the Java Runtime Environment to continue.
# Native memory allocation (malloc) failed to allocate 1048576 bytes for AllocateHeap
# Possible reasons:
#   The system is out of physical RAM or swap space
#   The process is running with CompressedOops enabled, and the Java Heap may be blocking the growth of the native heap
# Possible solutions:
#   Reduce memory load on the system
#   Increase physical memory or swap space
#   Check if swap backing store is full
#   Decrease Java heap size (-Xmx/-Xms)
#   Decrease number of Java threads
#   Decrease Java thread stack sizes (-Xss)
#   Set larger code cache with -XX:ReservedCodeCacheSize=
#   JVM is running with Unscaled Compressed Oops mode in which the Java heap is
#     placed in the first 4GB address space. The Java Heap base address is the
#     maximum limit for the native heap growth. Please use -XX:HeapBaseMinAddress
#     to set the Java Heap base and to place the Java Heap above 4GB virtual address.
# This output file may be truncated or incomplete.
#
#  Out of Memory Error (memory/allocation.inline.hpp:61), pid=2128, tid=0x0000000000001d2c
#
# JRE version:  (8.0_281-b09) (build )
# Java VM: Java HotSpot(TM) 64-Bit Server VM (25.281-b09 mixed mode windows-amd64 compressed oops)
# Failed to write core dump. Minidumps are not enabled by default on client versions of Windows
#

---------------  T H R E A D  ---------------

Current thread (0x000001e77cb22800):  JavaThread "Unknown thread" [_thread_in_vm, id=7468, stack(0x000000cec9400000,0x000000cec9500000)]

Stack: [0x000000cec9400000,0x000000cec9500000]
Native frames: (J=compiled Java code, j=interpreted, Vv=VM code, C=native code)
V  [jvm.dll+0x32e5b9]
V  [jvm.dll+0x275012]
V  [jvm.dll+0x275cbd]
V  [jvm.dll+0x26c6f5]
V  [jvm.dll+0x509d]
V  [jvm.dll+0x3c8d4d]
V  [jvm.dll+0x3c9aca]
V  [jvm.dll+0x3c5a67]
V  [jvm.dll+0xfcaaf]
V  [jvm.dll+0x209a1b]
V  [jvm.dll+0x2383d7]
V  [jvm.dll+0x162566]
C  [java.exe+0x2312]
C  [java.exe+0x15f54]
C  [KERNEL32.DLL+0x17c24]
C  [ntdll.dll+0x6d721]


---------------  P R O C E S S  ---------------

Java Threads: ( => current thread )

Other Threads:

=>0x000001e77cb22800 (exited) JavaThread "Unknown thread" [_thread_in_vm, id=7468, stack(0x000000cec9400000,0x000000cec9500000)]

VM state:not at safepoint (normal execution)

VM Mutex/Monitor currently owned by a thread: None

heap address: 0x00000000c2400000, size: 988 MB, Compressed Oops mode: 32-bit
Narrow klass base: 0x0000000000000000, Narrow klass shift: 3
Compressed class space size: 1073741824 Address: 0x0000000100000000

Heap:
 PSYoungGen      total 18432K, used 317K [0x00000000eb700000, 0x00000000ecb80000, 0x0000000100000000)
  eden space 15872K, 2% used [0x00000000eb700000,0x00000000eb74f5d0,0x00000000ec680000)
  from space 2560K, 0% used [0x00000000ec900000,0x00000000ec900000,0x00000000ecb80000)
  to   space 2560K, 0% used [0x00000000ec680000,0x00000000ec680000,0x00000000ec900000)
 ParOldGen       total 42496K, used 0K [0x00000000c2400000, 0x00000000c4d80000, 0x00000000eb700000)
  object space 42496K, 0% used [0x00000000c2400000,0x00000000c2400000,0x00000000c4d80000)
 Metaspace       used 777K, capacity 4480K, committed 4480K, reserved 1056768K
  class space    used 76K, capacity 384K, committed 384K, reserved 1048576K

Card table byte_map: [0x000001e77e850000,0x000001e77ea40000] byte_map_base: 0x000001e77e23e000

Marking Bits: (ParMarkBitMap*) 0x000000005a606ff0
 Begin Bits: [0x000001e70f000000, 0x000001e70ff70000)
 End Bits:   [0x000001e70ff70000, 0x000001e710ee0000)

Polling page: 0x000001e77cad0000

CodeCache: size=245760Kb used=327Kb max_used=327Kb free=245432Kb
 bounds [0x000001e700000000, 0x000001e700270000, 0x000001e70f000000]
 total_blobs=57 nmethods=0 adapters=38
 compilation: enabled

Compilation events (0 events):
No events

GC Heap History (0 events):
No events

Deoptimization events (0 events):
No events

Classes redefined (0 events):
No events

Internal exceptions (0 events):
No events

Events (10 events):
Event: 0.092 loading class java/lang/Short
Event: 0.092 loading class java/lang/Short done
Event: 0.092 loading class java/lang/Integer
Event: 0.092 loading class java/lang/Integer done
Event: 0.092 loading class java/lang/Long
Event: 0.092 loading class java/lang/Long done
Event: 0.096 loading class java/lang/NullPointerException
Event: 0.096 loading class java/lang/NullPointerException done
Event: 0.096 loading class java/lang/ArithmeticException
Event: 0.096 loading class java/lang/ArithmeticException done


Dynamic libraries:
0x00007ff6ca740000 - 0x00007ff6ca787000 	C:\Program Files\Java\jdk1.8.0_281\bin\java.exe
0x00007ffad3d20000 - 0x00007ffad3f10000 	C:\WINDOWS\SYSTEM32\ntdll.dll
0x00007ffad2800000 - 0x00007ffad28b2000 	C:\WINDOWS\System32\KERNEL32.DLL
0x00007ffad0cf0000 - 0x00007ffad0f95000 	C:\WINDOWS\System32\KERNELBASE.dll
0x00007ffad3260000 - 0x00007ffad3303000 	C:\WINDOWS\System32\ADVAPI32.dll
0x00007ffad3730000 - 0x00007ffad37ce000 	C:\WINDOWS\System32\msvcrt.dll
0x00007ffad3c40000 - 0x00007ffad3cd7000 	C:\WINDOWS\System32\sechost.dll
0x00007ffad3450000 - 0x00007ffad356f000 	C:\WINDOWS\System32\RPCRT4.dll
0x00007ffad2ef0000 - 0x00007ffad3084000 	C:\WINDOWS\System32\USER32.dll
0x00007ffad1030000 - 0x00007ffad1051000 	C:\WINDOWS\System32\win32u.dll
0x00007ffad2da0000 - 0x00007ffad2dc6000 	C:\WINDOWS\System32\GDI32.dll
0x00007ffad1c30000 - 0x00007ffad1dc8000 	C:\WINDOWS\System32\gdi32full.dll
0x00007ffad10b0000 - 0x00007ffad114e000 	C:\WINDOWS\System32\msvcp_win.dll
0x00007ffad19d0000 - 0x00007ffad1aca000 	C:\WINDOWS\System32\ucrtbase.dll
0x00007ffac0c80000 - 0x00007ffac0f04000 	C:\WINDOWS\WinSxS\amd64_microsoft.windows.common-controls_6595b64144ccf1df_6.0.18362.1556_none_9e7e372fe45e41d5\COMCTL32.dll
0x00007ffad2980000 - 0x00007ffad2cb6000 	C:\WINDOWS\System32\combase.dll
0x00007ffad0fa0000 - 0x00007ffad1021000 	C:\WINDOWS\System32\bcryptPrimitives.dll
0x00007ffad1f80000 - 0x00007ffad1fae000 	C:\WINDOWS\System32\IMM32.DLL
0x00007ffab9200000 - 0x00007ffab9215000 	C:\Program Files\Java\jdk1.8.0_281\jre\bin\vcruntime140.dll
0x00007ffa77d70000 - 0x00007ffa77e0b000 	C:\Program Files\Java\jdk1.8.0_281\jre\bin\msvcp140.dll
0x0000000059e20000 - 0x000000005a67f000 	C:\Program Files\Java\jdk1.8.0_281\jre\bin\server\jvm.dll
0x00007ffad3310000 - 0x00007ffad3318000 	C:\WINDOWS\System32\PSAPI.DLL
0x00007ffab7110000 - 0x00007ffab7119000 	C:\WINDOWS\SYSTEM32\WSOCK32.dll
0x00007ffad2e80000 - 0x00007ffad2eef000 	C:\WINDOWS\System32\WS2_32.dll
0x00007ffacce70000 - 0x00007ffacce94000 	C:\WINDOWS\SYSTEM32\WINMM.dll
0x00007ffac2fd0000 - 0x00007ffac2fda000 	C:\WINDOWS\SYSTEM32\VERSION.dll
0x00007ffacce40000 - 0x00007ffacce6d000 	C:\WINDOWS\SYSTEM32\WINMMBASE.dll
0x00007ffad1200000 - 0x00007ffad124a000 	C:\WINDOWS\System32\cfgmgr32.dll
0x00007ffad0be0000 - 0x00007ffad0bf1000 	C:\WINDOWS\System32\kernel.appcore.dll
0x00007ffabc700000 - 0x00007ffabc710000 	C:\Program Files\Java\jdk1.8.0_281\jre\bin\verify.dll
0x00007ffab8900000 - 0x00007ffab892b000 	C:\Program Files\Java\jdk1.8.0_281\jre\bin\java.dll
0x00007ffab8790000 - 0x00007ffab87a8000 	C:\Program Files\Java\jdk1.8.0_281\jre\bin\zip.dll
0x00007ffacf510000 - 0x00007ffacf704000 	C:\WINDOWS\SYSTEM32\dbghelp.dll

VM Arguments:
jvm_args: -Dfile.encoding=UTF-8 
java_command: banco.Banco
java_class_path (initial): C:\Users\Eduarda Araújo\Documents\NetBeansProjects\Banco\build\classes
Launcher Type: SUN_STANDARD

Environment Variables:
PATH=C:\Program Files (x86)\Intel\TXE Components\iCLS\;C:\Program Files\Intel\TXE Components\iCLS\;C:\WINDOWS\system32;C:\WINDOWS;C:\WINDOWS\System32\Wbem;C:\WINDOWS\System32\WindowsPowerShell\v1.0\;C:\WINDOWS\System32\OpenSSH\;C:\Program Files\Intel\TXE Components\DAL\;C:\Program Files (x86)\Intel\TXE Components\DAL\;C:\Program Files\Intel\TXE Components\IPT\;C:\Program Files (x86)\Intel\TXE Components\IPT\;C:\Users\Eduarda Araújo\AppData\Local\Programs\Python\Python39\Scripts\;C:\Users\Eduarda Araújo\AppData\Local\Programs\Python\Python39\;C:\Users\Eduarda Araújo\AppData\Local\Microsoft\WindowsApps;;C:\Users\Eduarda Araújo\AppData\Local\Programs\Microsoft VS Code\bin
USERNAME=Eduarda Araújo
OS=Windows_NT
PROCESSOR_IDENTIFIER=Intel64 Family 6 Model 92 Stepping 9, GenuineIntel



---------------  S Y S T E M  ---------------

OS: Windows 10.0 , 64 bit Build 18362 (10.0.18362.1500)

CPU:total 2 (initial active 2) (2 cores per cpu, 1 threads per core) family 6 model 92 stepping 9, cmov, cx8, fxsr, mmx, sse, sse2, sse3, ssse3, sse4.1, sse4.2, popcnt, aes, clmul, erms, 3dnowpref, tsc, tscinvbit

Memory: 4k page, physical 4039788k(726924k free), swap 5397728k(4224k free)

vm_info: Java HotSpot(TM) 64-Bit Server VM (25.281-b09) for windows-amd64 JRE (1.8.0_281-b09), built on Dec  9 2020 13:54:07 by "" with MS VC++ 15.9 (VS2017)

time: Thu Jul 15 14:49:40 2021
timezone: Hora Padrão de Buenos Aires
elapsed time: 0.239876 seconds (0d 0h 0m 0s)

